<?xml version="1.0" encoding="UTF-8"?>
<!-- Generated by org.testng.reporters.JUnitXMLReporter -->
<testsuite ignored="0" hostname="UMESH-PC" failures="0" tests="5" name="Default test" time="46.442" errors="0" timestamp="2025-02-06T00:49:43 IST">
  <testcase classname="com.aidasoftware.qa.testcases.LoginTest" name="verifyLoginWithValidCredentials" time="0.472"/>
  <testcase classname="com.aidasoftware.qa.testcases.LoginTest" name="verifyLoginWithInvalidCredentials" time="0.512"/>
  <testcase classname="com.aidasoftware.qa.testcases.LoginTest" name="verifyLoginWithInvalidEmailAndValidPassword" time="0.457"/>
  <testcase classname="com.aidasoftware.qa.testcases.LoginTest" name="verifyLoginWithValidEmailAndInvalidPassword" time="0.471"/>
  <testcase classname="com.aidasoftware.qa.testcases.LoginTest" name="verifyLoginWithoutProvidingCredentials" time="0.191"/>
</testsuite> <!-- Default test -->
