<?xml version="1.0" encoding="UTF-8"?>
<testng-results ignored="0" total="1" passed="1" failed="0" skipped="0">
  <reporter-output>
  </reporter-output>
  <suite started-at="2025-07-31T22:20:29 IST" name="Default suite" finished-at="2025-07-31T22:20:50 IST" duration-ms="20646">
    <groups>
    </groups>
    <test started-at="2025-07-31T22:20:29 IST" name="Default test" finished-at="2025-07-31T22:20:50 IST" duration-ms="20646">
      <class name="com.aidasoftware.qa.testcases.POSQuotationTest">
        <test-method is-config="true" signature="setup()[pri:0, instance:com.aidasoftware.qa.testcases.POSQuotationTest@2767e23c]" started-at="2025-07-31T22:20:29 IST" name="setup" finished-at="2025-07-31T22:20:48 IST" duration-ms="18506" status="PASS">
          <reporter-output>
          </reporter-output>
        </test-method> <!-- setup -->
        <test-method signature="verifyPOSQuotationPageLoads()[pri:0, instance:com.aidasoftware.qa.testcases.POSQuotationTest@2767e23c]" started-at="2025-07-31T22:20:48 IST" name="verifyPOSQuotationPageLoads" finished-at="2025-07-31T22:20:50 IST" duration-ms="2070" status="PASS">
          <reporter-output>
          </reporter-output>
        </test-method> <!-- verifyPOSQuotationPageLoads -->
      </class> <!-- com.aidasoftware.qa.testcases.POSQuotationTest -->
    </test> <!-- Default test -->
  </suite> <!-- Default suite -->
</testng-results>
