<?xml version="1.0" encoding="UTF-8"?>
<testng-results ignored="0" total="5" passed="5" failed="0" skipped="0">
  <reporter-output>
  </reporter-output>
  <suite started-at="2025-02-06T00:48:56 IST" name="Default suite" finished-at="2025-02-06T00:49:43 IST" duration-ms="46442">
    <groups>
    </groups>
    <test started-at="2025-02-06T00:48:56 IST" name="Default test" finished-at="2025-02-06T00:49:43 IST" duration-ms="46442">
      <class name="com.aidasoftware.qa.testcases.LoginTest">
        <test-method is-config="true" signature="setup()[pri:0, instance:com.aidasoftware.qa.testcases.LoginTest@f0c8a99]" started-at="2025-02-06T00:48:57 IST" name="setup" finished-at="2025-02-06T00:49:06 IST" duration-ms="9417" status="PASS">
          <reporter-output>
          </reporter-output>
        </test-method> <!-- setup -->
        <test-method signature="verifyLoginWithValidCredentials(java.lang.String,java.lang.String)[pri:1, instance:com.aidasoftware.qa.testcases.LoginTest@f0c8a99]" started-at="2025-02-06T00:49:06 IST" name="verifyLoginWithValidCredentials" data-provider="validCredentialsSupplier" finished-at="2025-02-06T00:49:06 IST" duration-ms="472" status="PASS">
          <params>
            <param index="0">
              <value>
                <![CDATA[umesh_kumar@flexsin.org]]>
              </value>
            </param>
            <param index="1">
              <value>
                <![CDATA[Umesh@123]]>
              </value>
            </param>
          </params>
          <reporter-output>
          </reporter-output>
        </test-method> <!-- verifyLoginWithValidCredentials -->
        <test-method is-config="true" signature="tearDown()[pri:0, instance:com.aidasoftware.qa.testcases.LoginTest@f0c8a99]" started-at="2025-02-06T00:49:06 IST" name="tearDown" finished-at="2025-02-06T00:49:07 IST" duration-ms="423" status="PASS">
          <reporter-output>
          </reporter-output>
        </test-method> <!-- tearDown -->
        <test-method is-config="true" signature="setup()[pri:0, instance:com.aidasoftware.qa.testcases.LoginTest@f0c8a99]" started-at="2025-02-06T00:49:07 IST" name="setup" finished-at="2025-02-06T00:49:16 IST" duration-ms="9311" status="PASS">
          <reporter-output>
          </reporter-output>
        </test-method> <!-- setup -->
        <test-method signature="verifyLoginWithInvalidCredentials()[pri:2, instance:com.aidasoftware.qa.testcases.LoginTest@f0c8a99]" started-at="2025-02-06T00:49:16 IST" name="verifyLoginWithInvalidCredentials" finished-at="2025-02-06T00:49:17 IST" duration-ms="512" status="PASS">
          <reporter-output>
          </reporter-output>
        </test-method> <!-- verifyLoginWithInvalidCredentials -->
        <test-method is-config="true" signature="tearDown()[pri:0, instance:com.aidasoftware.qa.testcases.LoginTest@f0c8a99]" started-at="2025-02-06T00:49:17 IST" name="tearDown" finished-at="2025-02-06T00:49:17 IST" duration-ms="316" status="PASS">
          <reporter-output>
          </reporter-output>
        </test-method> <!-- tearDown -->
        <test-method is-config="true" signature="setup()[pri:0, instance:com.aidasoftware.qa.testcases.LoginTest@f0c8a99]" started-at="2025-02-06T00:49:17 IST" name="setup" finished-at="2025-02-06T00:49:25 IST" duration-ms="7633" status="PASS">
          <reporter-output>
          </reporter-output>
        </test-method> <!-- setup -->
        <test-method signature="verifyLoginWithInvalidEmailAndValidPassword()[pri:3, instance:com.aidasoftware.qa.testcases.LoginTest@f0c8a99]" started-at="2025-02-06T00:49:25 IST" name="verifyLoginWithInvalidEmailAndValidPassword" finished-at="2025-02-06T00:49:25 IST" duration-ms="457" status="PASS">
          <reporter-output>
          </reporter-output>
        </test-method> <!-- verifyLoginWithInvalidEmailAndValidPassword -->
        <test-method is-config="true" signature="tearDown()[pri:0, instance:com.aidasoftware.qa.testcases.LoginTest@f0c8a99]" started-at="2025-02-06T00:49:25 IST" name="tearDown" finished-at="2025-02-06T00:49:25 IST" duration-ms="321" status="PASS">
          <reporter-output>
          </reporter-output>
        </test-method> <!-- tearDown -->
        <test-method is-config="true" signature="setup()[pri:0, instance:com.aidasoftware.qa.testcases.LoginTest@f0c8a99]" started-at="2025-02-06T00:49:25 IST" name="setup" finished-at="2025-02-06T00:49:33 IST" duration-ms="8078" status="PASS">
          <reporter-output>
          </reporter-output>
        </test-method> <!-- setup -->
        <test-method signature="verifyLoginWithValidEmailAndInvalidPassword()[pri:4, instance:com.aidasoftware.qa.testcases.LoginTest@f0c8a99]" started-at="2025-02-06T00:49:33 IST" name="verifyLoginWithValidEmailAndInvalidPassword" finished-at="2025-02-06T00:49:34 IST" duration-ms="471" status="PASS">
          <reporter-output>
          </reporter-output>
        </test-method> <!-- verifyLoginWithValidEmailAndInvalidPassword -->
        <test-method is-config="true" signature="tearDown()[pri:0, instance:com.aidasoftware.qa.testcases.LoginTest@f0c8a99]" started-at="2025-02-06T00:49:34 IST" name="tearDown" finished-at="2025-02-06T00:49:34 IST" duration-ms="277" status="PASS">
          <reporter-output>
          </reporter-output>
        </test-method> <!-- tearDown -->
        <test-method is-config="true" signature="setup()[pri:0, instance:com.aidasoftware.qa.testcases.LoginTest@f0c8a99]" started-at="2025-02-06T00:49:34 IST" name="setup" finished-at="2025-02-06T00:49:42 IST" duration-ms="8156" status="PASS">
          <reporter-output>
          </reporter-output>
        </test-method> <!-- setup -->
        <test-method signature="verifyLoginWithoutProvidingCredentials()[pri:5, instance:com.aidasoftware.qa.testcases.LoginTest@f0c8a99]" started-at="2025-02-06T00:49:42 IST" name="verifyLoginWithoutProvidingCredentials" finished-at="2025-02-06T00:49:43 IST" duration-ms="191" status="PASS">
          <reporter-output>
          </reporter-output>
        </test-method> <!-- verifyLoginWithoutProvidingCredentials -->
        <test-method is-config="true" signature="tearDown()[pri:0, instance:com.aidasoftware.qa.testcases.LoginTest@f0c8a99]" started-at="2025-02-06T00:49:43 IST" name="tearDown" finished-at="2025-02-06T00:49:43 IST" duration-ms="293" status="PASS">
          <reporter-output>
          </reporter-output>
        </test-method> <!-- tearDown -->
      </class> <!-- com.aidasoftware.qa.testcases.LoginTest -->
    </test> <!-- Default test -->
  </suite> <!-- Default suite -->
</testng-results>
