<?xml version="1.0" encoding="UTF-8"?>
<testng-results ignored="0" total="1" passed="1" failed="0" skipped="0">
  <reporter-output>
  </reporter-output>
  <suite started-at="2025-09-05T01:04:55 IST" name="Default suite" finished-at="2025-09-05T01:06:27 IST" duration-ms="91644">
    <groups>
    </groups>
    <test started-at="2025-09-05T01:04:55 IST" name="Default test" finished-at="2025-09-05T01:06:27 IST" duration-ms="91644">
      <class name="com.aidasoftware.qa.testcases.POSQuotationTest">
        <test-method is-config="true" signature="setup()[pri:0, instance:com.aidasoftware.qa.testcases.POSQuotationTest@4a003cbe]" started-at="2025-09-05T01:04:55 IST" name="setup" finished-at="2025-09-05T01:06:10 IST" duration-ms="74939" status="PASS">
          <reporter-output>
          </reporter-output>
        </test-method> <!-- setup -->
        <test-method signature="createPOSQuotationTest()[pri:1, instance:com.aidasoftware.qa.testcases.POSQuotationTest@4a003cbe]" started-at="2025-09-05T01:06:10 IST" name="createPOSQuotationTest" finished-at="2025-09-05T01:06:26 IST" duration-ms="16531" status="PASS">
          <reporter-output>
          </reporter-output>
        </test-method> <!-- createPOSQuotationTest -->
      </class> <!-- com.aidasoftware.qa.testcases.POSQuotationTest -->
    </test> <!-- Default test -->
  </suite> <!-- Default suite -->
</testng-results>
