<?xml version="1.0" encoding="UTF-8"?>
<testng-results ignored="0" total="1" passed="1" failed="0" skipped="0">
  <reporter-output>
  </reporter-output>
  <suite started-at="2026-01-19T00:30:12 IST" name="Default suite" finished-at="2026-01-19T00:31:27 IST" duration-ms="75762">
    <groups>
    </groups>
    <test started-at="2026-01-19T00:30:12 IST" name="Default test" finished-at="2026-01-19T00:31:27 IST" duration-ms="75762">
      <class name="com.aidasoftware.qa.testcases.LoginTest">
        <test-method is-config="true" signature="setup()[pri:0, instance:com.aidasoftware.qa.testcases.LoginTest@66982506]" started-at="2026-01-19T00:30:12 IST" name="setup" finished-at="2026-01-19T00:31:07 IST" duration-ms="55600" status="PASS">
          <reporter-output>
          </reporter-output>
        </test-method> <!-- setup -->
        <test-method signature="verifyLoginWithoutProvidingCredentials()[pri:5, instance:com.aidasoftware.qa.testcases.LoginTest@66982506]" started-at="2026-01-19T00:31:07 IST" name="verifyLoginWithoutProvidingCredentials" finished-at="2026-01-19T00:31:09 IST" duration-ms="1438" status="PASS">
          <reporter-output>
          </reporter-output>
        </test-method> <!-- verifyLoginWithoutProvidingCredentials -->
        <test-method is-config="true" signature="tearDown()[pri:0, instance:com.aidasoftware.qa.testcases.LoginTest@66982506]" started-at="2026-01-19T00:31:09 IST" name="tearDown" finished-at="2026-01-19T00:31:27 IST" duration-ms="18638" status="PASS">
          <reporter-output>
          </reporter-output>
        </test-method> <!-- tearDown -->
      </class> <!-- com.aidasoftware.qa.testcases.LoginTest -->
    </test> <!-- Default test -->
  </suite> <!-- Default suite -->
</testng-results>
